<?xml version="1.0" encoding="UTF-8"?>
<!-- Generated by org.testng.reporters.JUnitReportReporter -->
<testsuite hostname="WKWIN4229901" failures="0" tests="7" name="UIAutomation.BasicTest" time="44.875" errors="0" timestamp="29 Dec 2024 20:48:55 GMT" skipped="3">
  <testcase classname="UIAutomation.BasicTest" name="launchURL" time="8.802"/>
  <testcase classname="UIAutomation.BasicTest" name="aboutPopUpBox" time="7.815"/>
  <testcase classname="UIAutomation.BasicTest" name="checkLeaveList" time="6.546"/>
  <testcase classname="UIAutomation.BasicTest" name="checkAssignLeave" time="21.712"/>
  <testcase classname="UIAutomation.BasicTest" name="addEmployee">
    <skipped/>
  </testcase> <!-- addEmployee -->
  <testcase classname="UIAutomation.BasicTest" name="employeeIDList">
    <skipped/>
  </testcase> <!-- employeeIDList -->
  <testcase classname="UIAutomation.BasicTest" name="employeePage">
    <skipped/>
  </testcase> <!-- employeePage -->
</testsuite> <!-- UIAutomation.BasicTest -->
